<?xml version="1.0" encoding="UTF-8"?>
<testsuite name="co.com.choucair.certificacion.proyectobase.runners.RunnerTags" tests="0" skipped="0" failures="0" errors="0" timestamp="1970-01-01T00:00:00" hostname="CHMEPPF0FQ30F" time="0.0">
  <properties/>
  <system-out><![CDATA[
?[31mFailed scenarios:?[0m
?[31msrc/test/resources/features/crearEmpleadoOrange.feature:16 ?[0m# crear nuevo usuario en OrangeHRM

1 Scenarios (?[31m1 failed?[0m)
3 Steps (?[31m1 failed?[0m, ?[36m1 skipped?[0m, ?[32m1 passed?[0m)
0m52,378s

net.serenitybdd.core.exceptions.SerenityManagedException: 
Expected: an element that is visible
     but: no matching element found by xpath: //div[@id='9_inputfileddiv']//input[@class='select-dropdown']
	at net.serenitybdd.screenplay.ErrorTally.throwSummaryExceptionFrom(ErrorTally.java:36)
	at net.serenitybdd.screenplay.ErrorTally.reportAnyErrors(ErrorTally.java:30)
	at net.serenitybdd.screenplay.Actor.should(Actor.java:187)
	at net.serenitybdd.screenplay.waits.WaitUntilTargetIsReady.performAs(WaitUntilTargetIsReady.java:26)
	at net.serenitybdd.screenplay.Actor.perform(Actor.java:106)
	at net.serenitybdd.screenplay.Actor.attemptsTo(Actor.java:90)
	at co.com.choucair.certificacion.proyectobase.tasks.CrearNuevoEmpleado.performAs(CrearNuevoEmpleado.java:29)
	at co.com.choucair.certificacion.proyectobase.tasks.CrearNuevoEmpleado$$EnhancerByCGLIB$$82be3485.CGLIB$performAs$0(<generated>)
	at co.com.choucair.certificacion.proyectobase.tasks.CrearNuevoEmpleado$$EnhancerByCGLIB$$82be3485$$FastClassByCGLIB$$e682ccde.invoke(<generated>)
	at net.sf.cglib.proxy.MethodProxy.invokeSuper(MethodProxy.java:228)
	at net.thucydides.core.steps.BaseMethodRunner.invokeMethod(BaseMethodRunner.java:10)
	at net.thucydides.core.steps.NormalMethodRunner.invokeMethodAndNotifyFailures(NormalMethodRunner.java:20)
	at net.thucydides.core.steps.StepInterceptor.runNormalMethod(StepInterceptor.java:361)
	at net.thucydides.core.steps.StepInterceptor.testStepResult(StepInterceptor.java:132)
	at net.thucydides.core.steps.StepInterceptor.intercept(StepInterceptor.java:68)
	at co.com.choucair.certificacion.proyectobase.tasks.CrearNuevoEmpleado$$EnhancerByCGLIB$$82be3485.performAs(<generated>)
	at net.serenitybdd.screenplay.Actor.perform(Actor.java:106)
	at net.serenitybdd.screenplay.Actor.attemptsTo(Actor.java:90)
	at co.com.choucair.certificacion.proyectobase.stepdefinitions.CrearEmpleadoOrangeStepDefinitions.elRealizaElIngresoDelRegistroEnLaAplicación(CrearEmpleadoOrangeStepDefinitions.java:33)
	at ?.el realiza el ingreso del registro en la aplicación(src/test/resources/features/crearEmpleadoOrange.feature:10)

]]></system-out>
  <system-err><![CDATA[[Test worker] INFO net.serenitybdd.core.Serenity - ?[36m

-------------------------------------------------------------------------------------
     _______. _______ .______       _______ .__   __.  __  .___________.____    ____ 
    /       ||   ____||   _  \     |   ____||  \ |  | |  | |           |\   \  /   / 
   |   (----`|  |__   |  |_)  |    |  |__   |   \|  | |  | `---|  |----` \   \/   /  
    \   \    |   __|  |      /     |   __|  |  . `  | |  |     |  |       \_    _/   
.----)   |   |  |____ |  |\  \----.|  |____ |  |\   | |  |     |  |         |  |     
|_______/    |_______|| _| `._____||_______||__| \__| |__|     |__|         |__|    
                                                                                     
 News and tutorials at http://www.serenity-bdd.info                                  
 Documentation at https://wakaleo.gitbooks.io/the-serenity-book/content/             
 Join the Serenity Community on Rocket Chat at https://serenity-bdd.rocket.chat      
 Serenity BDD Support and Training at http://serenity-bdd.info/#/trainingandsupport  
 Learn Serenity BDD online at http://serenity-dojo.com                               
-------------------------------------------------------------------------------------
?[0m
[Test worker] INFO net.serenitybdd.core.Serenity - Test Suite Started: Creación de nuevo empleado en OrangeHRM
[Test worker] INFO net.serenitybdd.core.Serenity - 
 _____ _____ ____ _____   ____ _____  _    ____ _____ _____ ____  
|_   _| ____/ ___|_   _| / ___|_   _|/ \  |  _ \_   _| ____|  _ \ 
  | | |  _| \___ \ | |   \___ \ | | / _ \ | |_) || | |  _| | | | |
  | | | |___ ___) || |    ___) || |/ ___ \|  _ < | | | |___| |_| |
  |_| |_____|____/ |_|   |____/ |_/_/   \_\_| \_\|_| |_____|____/ 
                                                                  

TEST STARTED: crear nuevo usuario en OrangeHRM
-------------------------------------------------------------------(creación-de-nuevo-empleado-en-orangehrm;crear-nuevo-usuario-en-orangehrm)
[Test worker] ERROR net.serenitybdd.core.Serenity - 
           __  _____ _____ ____ _____   _____ _    ___ _     _____ ____  
  _       / / |_   _| ____/ ___|_   _| |  ___/ \  |_ _| |   | ____|  _ \ 
 (_)_____| |    | | |  _| \___ \ | |   | |_ / _ \  | || |   |  _| | | | |
  _|_____| |    | | | |___ ___) || |   |  _/ ___ \ | || |___| |___| |_| |
 (_)     | |    |_| |_____|____/ |_|   |_|/_/   \_\___|_____|_____|____/ 
          \_\                                                            

TEST FAILED: crear nuevo usuario en OrangeHRM
--------------------------------------------------------------------------
[Test worker] ERROR net.serenitybdd.core.Serenity - TEST FAILED AT STEP Cuando el realiza el ingreso del registro en la aplicación | firstname | lastname | location | blood | hobbies | region | fte | temporary | | Carlos | Trujillo | German Regional HQ | A | Correr | Region-1 | 0.5 | Sub unit-1 |
[Test worker] ERROR net.serenitybdd.core.Serenity - Expected: an element that is visible but: no matching element found by xpath: //div[@id='9_inputfileddiv']//input[@class='select-dropdown']
]]></system-err>
</testsuite>
